<?xml version="1.0" encoding="UTF-8"?>
<testng-results ignored="0" total="1" passed="1" failed="0" skipped="0">
  <reporter-output>
  </reporter-output>
  <suite started-at="2023-12-02T23:25:17 IST" name="Regression" finished-at="2023-12-02T23:25:25 IST" duration-ms="7662">
    <groups>
    </groups>
    <test started-at="2023-12-02T23:25:17 IST" name="Submit Order Test" finished-at="2023-12-02T23:25:25 IST" duration-ms="7662">
      <class name="seleniumprojecttestcases.LauchApplication">
        <test-method signature="setup()[pri:0, instance:seleniumprojecttestcases.LauchApplication@7db12bb6]" started-at="2023-12-02T23:25:17 IST" name="setup" finished-at="2023-12-02T23:25:25 IST" duration-ms="7604" status="PASS">
          <reporter-output>
          </reporter-output>
        </test-method> <!-- setup -->
      </class> <!-- seleniumprojecttestcases.LauchApplication -->
    </test> <!-- Submit Order Test -->
  </suite> <!-- Regression -->
</testng-results>
