<?xml version="1.0" encoding="UTF-8"?>
<testng-results ignored="0" total="0" passed="0" failed="0" skipped="0">
  <reporter-output>
  </reporter-output>
  <suite started-at="2023-11-18T19:33:16 IST" name="Testing Google Apps" finished-at="2023-11-18T19:33:16 IST" duration-ms="12">
    <groups>
    </groups>
    <test started-at="2023-11-18T19:33:16 IST" name="Regression" finished-at="2023-11-18T19:33:16 IST" duration-ms="12">
    </test> <!-- Regression -->
  </suite> <!-- Testing Google Apps -->
</testng-results>
