<?xml version="1.0" encoding="UTF-8"?>
<testng-results ignored="0" total="1" passed="1" failed="0" skipped="0">
  <reporter-output>
  </reporter-output>
  <suite started-at="2023-12-02T12:11:22 IST" name="Regression" finished-at="2023-12-02T12:11:32 IST" duration-ms="10193">
    <groups>
    </groups>
    <test started-at="2023-12-02T12:11:22 IST" name="Submit Order Test" finished-at="2023-12-02T12:11:32 IST" duration-ms="10193">
      <class name="seleniumprojecttestcases.LauchApplication">
        <test-method signature="set()[pri:0, instance:seleniumprojecttestcases.LauchApplication@3f1c5af9]" started-at="2023-12-02T12:11:22 IST" name="set" finished-at="2023-12-02T12:11:32 IST" duration-ms="10159" status="PASS">
          <reporter-output>
          </reporter-output>
        </test-method> <!-- set -->
      </class> <!-- seleniumprojecttestcases.LauchApplication -->
    </test> <!-- Submit Order Test -->
  </suite> <!-- Regression -->
</testng-results>
